This run started at: 
1579048146
The zcashd version is: Zcash Daemon version v2.1.1-rc1-02706325c

In order to ensure you are adequately protecting your privacy when using Zcash,
please see <https://z.cash/support/security/>.

Copyright (C) 2009-2020 The Bitcoin Core Developers
Copyright (C) 2015-2020 The Zcash Developers

This is experimental software.

Distributed under the MIT software license, see the accompanying file COPYING
or <https://www.opensource.org/licenses/mit-license.php>.

This product includes software developed by the OpenSSL Project for use in the
OpenSSL Toolkit <https://www.openssl.org/> and cryptographic software written
by Eric Young.
=== Running testscript intermittent_failures.py ===
  File "/home/pherder/zcashes/intermittenttestfailures/master/qa/rpc-tests/test_framework/test_framework.py", line 121, in main
    self.run_test()
  File "/home/pherder/zcashes/intermittenttestfailures/master/qa/rpc-tests/intermittent_failures.py", line 51, in run_test
    assert_equal(len(unspent_tx), 1 + count, message)
  File "/home/pherder/zcashes/intermittenttestfailures/master/qa/rpc-tests/test_framework/util.py", line 387, in assert_equal
    raise AssertionError("(left == right)%s\n  left: <%s>\n right: <%s>" % (message, str(expected), str(actual)))
Initializing test directory /tmp/test3TpKpF
initialize_chain: bitcoind started, calling bitcoin-cli -rpcwait getblockcount
initialize_chain: bitcoin-cli -rpcwait getblockcount completed
initialize_chain: bitcoind started, calling bitcoin-cli -rpcwait getblockcount
initialize_chain: bitcoin-cli -rpcwait getblockcount completed
initialize_chain: bitcoind started, calling bitcoin-cli -rpcwait getblockcount
initialize_chain: bitcoin-cli -rpcwait getblockcount completed
initialize_chain: bitcoind started, calling bitcoin-cli -rpcwait getblockcount
initialize_chain: bitcoin-cli -rpcwait getblockcount completed
start_node: bitcoind started, calling bitcoin-cli -rpcwait getblockcount
start_node: calling bitcoin-cli -rpcwait getblockcount returned
start_node: bitcoind started, calling bitcoin-cli -rpcwait getblockcount
start_node: calling bitcoin-cli -rpcwait getblockcount returned
start_node: bitcoind started, calling bitcoin-cli -rpcwait getblockcount
start_node: calling bitcoin-cli -rpcwait getblockcount returned
start_node: bitcoind started, calling bitcoin-cli -rpcwait getblockcount
start_node: calling bitcoin-cli -rpcwait getblockcount returned
waiting for async operation opid-84e7c485-09a9-4193-83f0-24ac9bb58c27
...returned status: success
We are inside the 1 th iteration of the for loop!
waiting for async operation opid-2e87d919-a078-4e19-b766-65e8a48a65f1
...returned status: success
bfe373b56e4be7a863b12a3077aca27c0baa8725b7477d3dfcb642264d3c21ca
Assertion failed: (left == right); The count at failure was: 1 and the unspent_tx was: []
  left: <0>
 right: <2>
Stopping nodes
Cleaning up
Failed
!!! FAIL: intermittent_failures.py (85s) !!!



Tests completed: 1
successes 0; failures: 1

Failing tests: intermittent_failures.py
