This run started at: 
1579048511
The zcashd version is: Zcash Daemon version v2.1.1-rc1-02706325c

In order to ensure you are adequately protecting your privacy when using Zcash,
please see <https://z.cash/support/security/>.

Copyright (C) 2009-2020 The Bitcoin Core Developers
Copyright (C) 2015-2020 The Zcash Developers

This is experimental software.

Distributed under the MIT software license, see the accompanying file COPYING
or <https://www.opensource.org/licenses/mit-license.php>.

This product includes software developed by the OpenSSL Project for use in the
OpenSSL Toolkit <https://www.openssl.org/> and cryptographic software written
by Eric Young.
=== Running testscript intermittent_failures.py ===
  File "/home/pherder/zcashes/intermittenttestfailures/master/qa/rpc-tests/test_framework/test_framework.py", line 121, in main
    self.run_test()
  File "/home/pherder/zcashes/intermittenttestfailures/master/qa/rpc-tests/intermittent_failures.py", line 44, in run_test
    txid_2 = wait_and_assert_operationid_status(self.nodes[0], myopid)
  File "/home/pherder/zcashes/intermittenttestfailures/master/qa/rpc-tests/test_framework/util.py", line 446, in wait_and_assert_operationid_status
    result = wait_and_assert_operationid_status_result(node, myopid, in_status, in_errormsg, timeout)
  File "/home/pherder/zcashes/intermittenttestfailures/master/qa/rpc-tests/test_framework/util.py", line 437, in wait_and_assert_operationid_status_result
    assert_equal(in_errormsg, errormsg)
  File "/home/pherder/zcashes/intermittenttestfailures/master/qa/rpc-tests/test_framework/util.py", line 387, in assert_equal
    raise AssertionError("(left == right)%s\n  left: <%s>\n right: <%s>" % (message, str(expected), str(actual)))
Initializing test directory /tmp/test7hawIv
initialize_chain: bitcoind started, calling bitcoin-cli -rpcwait getblockcount
initialize_chain: bitcoin-cli -rpcwait getblockcount completed
initialize_chain: bitcoind started, calling bitcoin-cli -rpcwait getblockcount
initialize_chain: bitcoin-cli -rpcwait getblockcount completed
initialize_chain: bitcoind started, calling bitcoin-cli -rpcwait getblockcount
initialize_chain: bitcoin-cli -rpcwait getblockcount completed
initialize_chain: bitcoind started, calling bitcoin-cli -rpcwait getblockcount
initialize_chain: bitcoin-cli -rpcwait getblockcount completed
start_node: bitcoind started, calling bitcoin-cli -rpcwait getblockcount
start_node: calling bitcoin-cli -rpcwait getblockcount returned
start_node: bitcoind started, calling bitcoin-cli -rpcwait getblockcount
start_node: calling bitcoin-cli -rpcwait getblockcount returned
start_node: bitcoind started, calling bitcoin-cli -rpcwait getblockcount
start_node: calling bitcoin-cli -rpcwait getblockcount returned
start_node: bitcoind started, calling bitcoin-cli -rpcwait getblockcount
start_node: calling bitcoin-cli -rpcwait getblockcount returned
waiting for async operation opid-93cf8186-f826-400b-a437-ace6ee825e2d
...returned status: success
We are inside the 1 th iteration of the for loop!
waiting for async operation opid-123b9074-dc0d-4075-9908-ec8b1f4e91d6
...returned status: success
9a1002b4fe2446e60f0bd05a011fe9968c097361ccb8a24553d81c6aa13500f1
We are inside the 2 th iteration of the for loop!
waiting for async operation opid-df98ac4f-9961-4103-ac2f-67e59b2f537c
...returned status: failed
...returned error: Insufficient funds, no unspent notes found for zaddr from address.
Assertion failed: (left == right)
  left: <None>
 right: <Insufficient funds, no unspent notes found for zaddr from address.>
Stopping nodes
Cleaning up
Failed
!!! FAIL: intermittent_failures.py (95s) !!!



Tests completed: 1
successes 0; failures: 1

Failing tests: intermittent_failures.py
