This run started at: 
1579049875
The zcashd version is: Zcash Daemon version v2.1.1-rc1-02706325c

In order to ensure you are adequately protecting your privacy when using Zcash,
please see <https://z.cash/support/security/>.

Copyright (C) 2009-2020 The Bitcoin Core Developers
Copyright (C) 2015-2020 The Zcash Developers

This is experimental software.

Distributed under the MIT software license, see the accompanying file COPYING
or <https://www.opensource.org/licenses/mit-license.php>.

This product includes software developed by the OpenSSL Project for use in the
OpenSSL Toolkit <https://www.openssl.org/> and cryptographic software written
by Eric Young.
=== Running testscript intermittent_failures.py ===
  File "/home/pherder/zcashes/intermittenttestfailures/master/qa/rpc-tests/test_framework/test_framework.py", line 121, in main
    self.run_test()
  File "/home/pherder/zcashes/intermittenttestfailures/master/qa/rpc-tests/intermittent_failures.py", line 34, in run_test
    print(self.nodes[0].z_listunspent(0, saplingzaddr))
  File "/home/pherder/zcashes/intermittenttestfailures/master/qa/rpc-tests/test_framework/authproxy.py", line 147, in __call__
    raise JSONRPCException(response['error'])
Initializing test directory /tmp/testK5GJIf
waiting for async operation opid-3c1c1b7b-3408-4731-a893-1f9de0fe2aa5
JSONRPC error: Expected type number, got string
Stopping nodes
Cleaning up
Failed
!!! FAIL: intermittent_failures.py (64s) !!!



Tests completed: 1
successes 0; failures: 1

Failing tests: intermittent_failures.py
