This run started at: 
1579042876
The zcashd version is: Zcash Daemon version v2.1.1-rc1-02706325c

In order to ensure you are adequately protecting your privacy when using Zcash,
please see <https://z.cash/support/security/>.

Copyright (C) 2009-2020 The Bitcoin Core Developers
Copyright (C) 2015-2020 The Zcash Developers

This is experimental software.

Distributed under the MIT software license, see the accompanying file COPYING
or <https://www.opensource.org/licenses/mit-license.php>.

This product includes software developed by the OpenSSL Project for use in the
OpenSSL Toolkit <https://www.openssl.org/> and cryptographic software written
by Eric Young.
=== Running testscript intermittent_failures.py ===
Initializing test directory /tmp/testrxnbkP
waiting for async operation opid-8dd2b855-8623-48d6-a5e9-99ce3bd1adb5
waiting for async operation opid-42bbff05-e68b-4785-a044-8ad4fb1807d1
Stopping nodes
Cleaning up
Tests successful
--- Success: intermittent_failures.py (74s) ---



Tests completed: 1
successes 1; failures: 0
