This run started at: 
1579063164
The zcashd version is: Zcash Daemon version v2.1.1-rc1-02706325c

In order to ensure you are adequately protecting your privacy when using Zcash,
please see <https://z.cash/support/security/>.

Copyright (C) 2009-2020 The Bitcoin Core Developers
Copyright (C) 2015-2020 The Zcash Developers

This is experimental software.

Distributed under the MIT software license, see the accompanying file COPYING
or <https://www.opensource.org/licenses/mit-license.php>.

This product includes software developed by the OpenSSL Project for use in the
OpenSSL Toolkit <https://www.openssl.org/> and cryptographic software written
by Eric Young.
=== Running testscript intermittent_failures.py ===
Initializing test directory /tmp/testMffzYR
waiting for async operation opid-4a73149d-de00-4caf-9d0d-5adcdb544930
waiting for async operation opid-0c02a323-e4cd-406f-8344-a776e23246b1
0.0300159454345703125
[Decimal('0.0300159454345703125')]
0.0300159454345703125
Stopping nodes
Cleaning up
Tests successful
--- Success: intermittent_failures.py (111s) ---



Tests completed: 1
successes 1; failures: 0
