This run started at: 
1579063541
The zcashd version is: Zcash Daemon version v2.1.1-rc1-02706325c

In order to ensure you are adequately protecting your privacy when using Zcash,
please see <https://z.cash/support/security/>.

Copyright (C) 2009-2020 The Bitcoin Core Developers
Copyright (C) 2015-2020 The Zcash Developers

This is experimental software.

Distributed under the MIT software license, see the accompanying file COPYING
or <https://www.opensource.org/licenses/mit-license.php>.

This product includes software developed by the OpenSSL Project for use in the
OpenSSL Toolkit <https://www.openssl.org/> and cryptographic software written
by Eric Young.
=== Running testscript intermittent_failures.py ===
Initializing test directory /tmp/testsSDhav
waiting for async operation opid-29893e73-c209-4838-bc29-11e50b3195a5
waiting for async operation opid-f173db9f-392a-4444-bc5c-2533892eddff
0.056683063507080078125
waiting for async operation opid-ef40cafb-7e4f-4034-bce2-784ccfbb7aa6
0.0255978107452392578125
[Decimal('0.056683063507080078125'), Decimal('0.0255978107452392578125')]
0.04114043712615966796875
Stopping nodes
Cleaning up
Tests successful
--- Success: intermittent_failures.py (117s) ---



Tests completed: 1
successes 1; failures: 0
