This run started at: 
1579037421
The zcashd version is: Zcash Daemon version v2.1.1-rc1-02706325c

In order to ensure you are adequately protecting your privacy when using Zcash,
please see <https://z.cash/support/security/>.

Copyright (C) 2009-2020 The Bitcoin Core Developers
Copyright (C) 2015-2020 The Zcash Developers

This is experimental software.

Distributed under the MIT software license, see the accompanying file COPYING
or <https://www.opensource.org/licenses/mit-license.php>.

This product includes software developed by the OpenSSL Project for use in the
OpenSSL Toolkit <https://www.openssl.org/> and cryptographic software written
by Eric Young.
=== Running testscript wallet_listnotes.py ===
Initializing test directory /tmp/testO5eKJa
waiting for async operation opid-f0663736-6dae-4878-8446-1454398fa878
waiting for async operation opid-1d3128dc-e971-49ad-bb7c-8933abd120fa
waiting for async operation opid-a284b0ac-636e-43d6-b115-3d277168a404
Stopping nodes
Cleaning up
Tests successful
--- Success: wallet_listnotes.py (133s) ---



Tests completed: 1
successes 1; failures: 0
