This run started at: 
1579042653
The zcashd version is: Zcash Daemon version v2.1.1-rc1-02706325c

In order to ensure you are adequately protecting your privacy when using Zcash,
please see <https://z.cash/support/security/>.

Copyright (C) 2009-2020 The Bitcoin Core Developers
Copyright (C) 2015-2020 The Zcash Developers

This is experimental software.

Distributed under the MIT software license, see the accompanying file COPYING
or <https://www.opensource.org/licenses/mit-license.php>.

This product includes software developed by the OpenSSL Project for use in the
OpenSSL Toolkit <https://www.openssl.org/> and cryptographic software written
by Eric Young.
=== Running testscript intermittent_failures.py ===
Initializing test directory /tmp/testlRUEpI
waiting for async operation opid-415620dc-6774-476f-9bd8-dd61b51621ab
waiting for async operation opid-14f22ba5-961d-49a6-9c95-94bdfade4b26
Stopping nodes
Cleaning up
Tests successful
--- Success: intermittent_failures.py (80s) ---



Tests completed: 1
successes 1; failures: 0
