This run started at: 
1579056558
The zcashd version is: Zcash Daemon version v2.1.1-rc1-02706325c

In order to ensure you are adequately protecting your privacy when using Zcash,
please see <https://z.cash/support/security/>.

Copyright (C) 2009-2020 The Bitcoin Core Developers
Copyright (C) 2015-2020 The Zcash Developers

This is experimental software.

Distributed under the MIT software license, see the accompanying file COPYING
or <https://www.opensource.org/licenses/mit-license.php>.

This product includes software developed by the OpenSSL Project for use in the
OpenSSL Toolkit <https://www.openssl.org/> and cryptographic software written
by Eric Young.
=== Running testscript intermittent_failures.py ===
  File "/home/pherder/zcashes/intermittenttestfailures/master/qa/rpc-tests/test_framework/test_framework.py", line 121, in main
    self.run_test()
  File "/home/pherder/zcashes/intermittenttestfailures/master/qa/rpc-tests/intermittent_failures.py", line 44, in run_test
    assert_equal(sproutzaddr,       unspent_cb[0]['address'])
Initializing test directory /tmp/testdQ4asO
waiting for async operation opid-3721e4fc-4451-4910-b8ad-f6f64895e80a
Unexpected exception caught during testing: global name 'sproutzaddr' is not defined
Stopping nodes
Cleaning up
Failed
!!! FAIL: intermittent_failures.py (64s) !!!



Tests completed: 1
successes 0; failures: 1

Failing tests: intermittent_failures.py
