This run started at: 
1579044617
The zcashd version is: Zcash Daemon version v2.1.1-rc1-02706325c

In order to ensure you are adequately protecting your privacy when using Zcash,
please see <https://z.cash/support/security/>.

Copyright (C) 2009-2020 The Bitcoin Core Developers
Copyright (C) 2015-2020 The Zcash Developers

This is experimental software.

Distributed under the MIT software license, see the accompanying file COPYING
or <https://www.opensource.org/licenses/mit-license.php>.

This product includes software developed by the OpenSSL Project for use in the
OpenSSL Toolkit <https://www.openssl.org/> and cryptographic software written
by Eric Young.
=== Running testscript intermittent_failures.py ===
  File "/home/pherder/zcashes/intermittenttestfailures/master/qa/rpc-tests/test_framework/test_framework.py", line 121, in main
    self.run_test()
  File "/home/pherder/zcashes/intermittenttestfailures/master/qa/rpc-tests/intermittent_failures.py", line 49, in run_test
    assert_equal(len(unspent_tx), 1 + count, message)
  File "/home/pherder/zcashes/intermittenttestfailures/master/qa/rpc-tests/test_framework/util.py", line 387, in assert_equal
    raise AssertionError("(left == right)%s\n  left: <%s>\n right: <%s>" % (message, str(expected), str(actual)))
Initializing test directory /tmp/testiaSaII
waiting for async operation opid-331e85de-0ccf-42b7-975b-4dd3294aaad3
waiting for async operation opid-023925e7-f146-4c80-a504-6b9dc5565962
The count at failure was: 1
Assertion failed: (left == right); The count at failure was: 1
  left: <0>
 right: <2>
Stopping nodes
Cleaning up
Failed
!!! FAIL: intermittent_failures.py (93s) !!!



Tests completed: 1
successes 0; failures: 1

Failing tests: intermittent_failures.py
