This run started at: 
1579046683
The zcashd version is: Zcash Daemon version v2.1.1-rc1-02706325c

In order to ensure you are adequately protecting your privacy when using Zcash,
please see <https://z.cash/support/security/>.

Copyright (C) 2009-2020 The Bitcoin Core Developers
Copyright (C) 2015-2020 The Zcash Developers

This is experimental software.

Distributed under the MIT software license, see the accompanying file COPYING
or <https://www.opensource.org/licenses/mit-license.php>.

This product includes software developed by the OpenSSL Project for use in the
OpenSSL Toolkit <https://www.openssl.org/> and cryptographic software written
by Eric Young.
=== Running testscript intermittent_failures.py ===
  File "/home/pherder/zcashes/intermittenttestfailures/master/qa/rpc-tests/test_framework/test_framework.py", line 121, in main
    self.run_test()
  File "/home/pherder/zcashes/intermittenttestfailures/master/qa/rpc-tests/intermittent_failures.py", line 50, in run_test
    assert_equal(len(unspent_tx), 1 + count, message)
  File "/home/pherder/zcashes/intermittenttestfailures/master/qa/rpc-tests/test_framework/util.py", line 387, in assert_equal
    raise AssertionError("(left == right)%s\n  left: <%s>\n right: <%s>" % (message, str(expected), str(actual)))
Initializing test directory /tmp/test1QNh7m
initialize_chain: bitcoind started, calling bitcoin-cli -rpcwait getblockcount
initialize_chain: bitcoin-cli -rpcwait getblockcount completed
initialize_chain: bitcoind started, calling bitcoin-cli -rpcwait getblockcount
initialize_chain: bitcoin-cli -rpcwait getblockcount completed
initialize_chain: bitcoind started, calling bitcoin-cli -rpcwait getblockcount
initialize_chain: bitcoin-cli -rpcwait getblockcount completed
initialize_chain: bitcoind started, calling bitcoin-cli -rpcwait getblockcount
initialize_chain: bitcoin-cli -rpcwait getblockcount completed
start_node: bitcoind started, calling bitcoin-cli -rpcwait getblockcount
start_node: calling bitcoin-cli -rpcwait getblockcount returned
start_node: bitcoind started, calling bitcoin-cli -rpcwait getblockcount
start_node: calling bitcoin-cli -rpcwait getblockcount returned
start_node: bitcoind started, calling bitcoin-cli -rpcwait getblockcount
start_node: calling bitcoin-cli -rpcwait getblockcount returned
start_node: bitcoind started, calling bitcoin-cli -rpcwait getblockcount
start_node: calling bitcoin-cli -rpcwait getblockcount returned
waiting for async operation opid-947adf29-d792-464d-b17e-ffdb96d6ce35
...returned status: success
We are inside the 1 th iteration of the for loop!
waiting for async operation opid-08a022b9-85b9-40c4-886e-57bf7566fb9b
...returned status: success
968e0867e5343f9ddfc821385963c4291547e6ac901ae70d35b536b4f5fd8927
Assertion failed: (left == right); The count at failure was: 1
  left: <0>
 right: <2>
Stopping nodes
Cleaning up
Failed
!!! FAIL: intermittent_failures.py (94s) !!!



Tests completed: 1
successes 0; failures: 1

Failing tests: intermittent_failures.py
