This run started at: 
1579062445
The zcashd version is: Zcash Daemon version v2.1.1-rc1-02706325c

In order to ensure you are adequately protecting your privacy when using Zcash,
please see <https://z.cash/support/security/>.

Copyright (C) 2009-2020 The Bitcoin Core Developers
Copyright (C) 2015-2020 The Zcash Developers

This is experimental software.

Distributed under the MIT software license, see the accompanying file COPYING
or <https://www.opensource.org/licenses/mit-license.php>.

This product includes software developed by the OpenSSL Project for use in the
OpenSSL Toolkit <https://www.openssl.org/> and cryptographic software written
by Eric Young.
=== Running testscript intermittent_failures.py ===
  File "/home/pherder/zcashes/intermittenttestfailures/master/qa/rpc-tests/test_framework/test_framework.py", line 121, in main
    self.run_test()
  File "/home/pherder/zcashes/intermittenttestfailures/master/qa/rpc-tests/intermittent_failures.py", line 38, in run_test
    txid = self._send_amt(faucet, toaddr, millizec)
  File "/home/pherder/zcashes/intermittenttestfailures/master/qa/rpc-tests/intermittent_failures.py", line 25, in _send_amt
    return wait_and_assert_operationid_status(self.nodes[0], myopid)
  File "/home/pherder/zcashes/intermittenttestfailures/master/qa/rpc-tests/test_framework/util.py", line 446, in wait_and_assert_operationid_status
    result = wait_and_assert_operationid_status_result(node, myopid, in_status, in_errormsg, timeout)
  File "/home/pherder/zcashes/intermittenttestfailures/master/qa/rpc-tests/test_framework/util.py", line 437, in wait_and_assert_operationid_status_result
    assert_equal(in_errormsg, errormsg)
  File "/home/pherder/zcashes/intermittenttestfailures/master/qa/rpc-tests/test_framework/util.py", line 387, in assert_equal
    raise AssertionError("(left == right)%s\n  left: <%s>\n right: <%s>" % (message, str(expected), str(actual)))
Initializing test directory /tmp/testQU6VYo
waiting for async operation opid-496a2346-c78b-4e21-a28a-d1bac9ad1598
waiting for async operation opid-8e8bc07f-3998-4f5f-9a1b-82277e1f38eb
Assertion failed: (left == right)
  left: <None>
 right: <Insufficient funds, no unspent notes found for zaddr from address.>
Stopping nodes
Cleaning up
Failed
!!! FAIL: intermittent_failures.py (62s) !!!



Tests completed: 1
successes 0; failures: 1

Failing tests: intermittent_failures.py
